<?xml version="1.0" encoding="UTF-8"?>
<testsuite name="repository.AbstractJsonFileRepositoryTest" tests="1" skipped="0" failures="0" errors="0" timestamp="2019-11-09T11:09:55" hostname="RAZVAN" time="0.002">
  <properties/>
  <testcase name="writeAndReadEntitiesTest()" classname="repository.AbstractJsonFileRepositoryTest" time="0.002"/>
  <system-out><![CDATA[]]></system-out>
  <system-err><![CDATA[]]></system-err>
</testsuite>
