<?xml version="1.0" encoding="UTF-8"?>
<testsuite name="repository.ProfessorJsonFileRepositoryTest" tests="1" skipped="0" failures="0" errors="0" timestamp="2019-11-06T21:08:17" hostname="RAZVAN" time="0.002">
  <properties/>
  <testcase name="writeAndReadEntity()" classname="repository.ProfessorJsonFileRepositoryTest" time="0.002"/>
  <system-out><![CDATA[]]></system-out>
  <system-err><![CDATA[]]></system-err>
</testsuite>
