<?xml version="1.0" encoding="UTF-8"?>
<testsuite name="repository.GradeJsonFileRepositoryTest" tests="1" skipped="0" failures="0" errors="0" timestamp="2019-11-06T21:08:17" hostname="RAZVAN" time="0.012">
  <properties/>
  <testcase name="writeAndReadEntity()" classname="repository.GradeJsonFileRepositoryTest" time="0.012"/>
  <system-out><![CDATA[]]></system-out>
  <system-err><![CDATA[]]></system-err>
</testsuite>
