<?xml version="1.0" encoding="UTF-8"?>
<testsuite name="validation.StudentValidatorTest" tests="1" skipped="0" failures="0" errors="0" timestamp="2019-11-25T22:33:58" hostname="RAZVAN" time="0.001">
  <properties/>
  <testcase name="validate()" classname="validation.StudentValidatorTest" time="0.001"/>
  <system-out><![CDATA[]]></system-out>
  <system-err><![CDATA[]]></system-err>
</testsuite>
