<?xml version="1.0" encoding="UTF-8"?>
<testsuite name="domain.UniversitySemesterStructureTest" tests="1" skipped="0" failures="0" errors="0" timestamp="2019-12-27T17:04:47" hostname="RAZVAN" time="0.005">
  <properties/>
  <testcase name="getWeek()" classname="domain.UniversitySemesterStructureTest" time="0.005"/>
  <system-out><![CDATA[]]></system-out>
  <system-err><![CDATA[]]></system-err>
</testsuite>
